<?xml version="1.0" encoding="UTF-8"?>
<testsuite xmlns:xsi="http://www.w3.org/2001/XMLSchema-instance" xsi:noNamespaceSchemaLocation="https://maven.apache.org/surefire/maven-surefire-plugin/xsd/surefire-test-report-3.0.xsd" version="3.0" name="com.nhnacademy.springframework.report.DefaultResultReportTest" time="0.046" tests="1" errors="0" skipped="0" failures="0">
  <properties>
[...]
</properties>
  <testcase name="report" classname="com.nhnacademy.springframework.report.DefaultResultReportTest" time="0.045">
    <system-out><![CDATA[파일 확장자: json
WaterBill{city='청송군', sector='가정용', unitPrice=220, billTotal=220000}
WaterBill{city='고령군', sector='공업용', unitPrice=230, billTotal=230000}
WaterBill{city='진도군', sector='가정용', unitPrice=300, billTotal=300000}
WaterBill{city='청송군', sector='욕탕용', unitPrice=330, billTotal=330000}
WaterBill{city='예천군', sector='가정용', unitPrice=345, billTotal=345000}
]]></system-out>
  </testcase>
</testsuite>